2024-02-11 08:57:42,576 - Base Url open
2024-02-11 08:58:53,163 - Base Url open
2024-02-11 09:00:26,286 - Base Url open
2024-02-11 09:02:14,416 - Base Url open
2024-02-11 09:04:19,647 - Base Url open
2024-02-11 09:04:23,572 - Username set
2024-02-11 09:04:24,111 - Password set
2024-02-11 09:04:34,562 - Click on login Button
2024-02-11 09:24:56,090 - Base Url open
2024-02-11 09:24:59,707 - Valid Username set
2024-02-11 09:25:00,039 - Valid Password set
2024-02-11 09:25:11,992 - Click on login Button
2024-02-11 09:25:14,496 - Click on logout Button
2024-02-11 09:33:08,759 - Base Url open
2024-02-11 09:33:12,364 - Invalid Username set
2024-02-11 09:33:12,751 - Invalid Password set
2024-02-11 09:33:14,411 - Click on login Button
2024-02-11 09:42:45,664 - Base Url open
2024-02-11 09:42:49,172 - Invalid Username set
2024-02-11 09:42:49,484 - Invalid Password set
2024-02-11 09:42:51,450 - Click on login Button
2024-02-11 09:43:33,653 - Base Url open
2024-02-11 09:43:36,927 - Valid Username set
2024-02-11 09:43:37,289 - Valid Password set
2024-02-11 09:43:42,156 - Click on login Button
2024-02-11 09:43:45,628 - Click on logout Button
2024-02-11 09:46:11,531 - Base Url open
2024-02-11 09:46:15,115 - Invalid Username set
2024-02-11 09:46:15,486 - Invalid Password set
2024-02-11 09:46:17,355 - Click on login Button
2024-02-11 09:46:35,760 - Base Url open
2024-02-11 09:46:39,257 - Valid Username set
2024-02-11 09:46:39,683 - Valid Password set
2024-02-11 09:46:47,993 - Click on login Button
2024-02-11 09:46:50,117 - Click on logout Button
2024-02-11 09:55:01,652 - Base Url open
2024-02-11 09:55:05,330 - Invalid Username set
2024-02-11 09:55:05,643 - Invalid Password set
2024-02-11 09:55:06,918 - Click on login Button
2024-02-11 09:55:25,918 - Base Url open
2024-02-11 09:55:29,429 - Valid Username set
2024-02-11 09:55:29,672 - Valid Password set
2024-02-11 09:55:37,509 - Click on login Button
2024-02-11 09:55:40,198 - Click on logout Button
2024-02-11 10:16:40,211 - Base Url open
2024-02-11 10:16:43,941 - Valid Username set
2024-02-11 10:16:44,220 - Valid Password set
2024-02-11 10:16:48,086 - Click on login Button
2024-02-11 10:17:05,845 - Base Url open
2024-02-11 10:17:09,131 - Valid Username set
2024-02-11 10:17:09,344 - Valid Password set
2024-02-11 10:17:15,043 - Click on login Button
2024-02-11 10:17:17,235 - Click on logout Button
2024-02-11 10:19:35,428 - Base Url open
2024-02-11 10:19:39,005 - Valid Username set
2024-02-11 10:19:39,363 - Valid Password set
2024-02-11 10:19:55,201 - Click on login Button
2024-02-11 10:20:03,744 - Click on logout Button
2024-02-11 10:25:29,972 - Base Url open
2024-02-11 10:25:33,520 - Valid Username set
2024-02-11 10:25:33,848 - Valid Password set
2024-02-11 10:25:44,673 - Click on login Button
2024-02-11 10:25:46,832 - Click on logout Button
